<?xml version="1.0" encoding="UTF-8"?>
<!-- Generated by org.testng.reporters.JUnitXMLReporter -->
<testsuite ignored="0" hostname="kuldy" failures="0" tests="12" name="Default test" time="228.819" errors="0" timestamp="10 Feb 2019 14:48:38 GMT">
  <testcase classname="com.crm.qa.testcasespack.AddTaskPageTest" name="submitAddTask" time="10.414"/>
  <testcase classname="com.crm.qa.testcasespack.AddTaskPageTest" name="submitAddTask" time="9.069"/>
  <testcase classname="com.crm.qa.testcasespack.AddTaskPageTest" name="submitAddTask" time="8.468"/>
  <testcase classname="com.crm.qa.testcasespack.AddTaskPageTest" name="validateAddTaskDate" time="4.27"/>
  <testcase classname="com.crm.qa.testcasespack.AddTaskPageTest" name="validateAddTaskDate" time="3.161"/>
  <testcase classname="com.crm.qa.testcasespack.AddTaskPageTest" name="validateAddTaskDate" time="3.55"/>
  <testcase classname="com.crm.qa.testcasespack.AddTaskPageTest" name="validateAddTaskDescription" time="3.995"/>
  <testcase classname="com.crm.qa.testcasespack.AddTaskPageTest" name="validateAddTaskDescription" time="4.12"/>
  <testcase classname="com.crm.qa.testcasespack.AddTaskPageTest" name="validateAddTaskDescription" time="3.507"/>
  <testcase classname="com.crm.qa.testcasespack.AddTaskPageTest" name="deleteTask" time="5.654"/>
  <testcase classname="com.crm.qa.testcasespack.AddTaskPageTest" name="deleteTask" time="5.036"/>
  <testcase classname="com.crm.qa.testcasespack.AddTaskPageTest" name="deleteTask" time="5.619"/>
</testsuite> <!-- Default test -->
